2024-10-30 11:26:14,766 - Starting model training...
2024-10-30 11:26:15,352 - Model Performance Metrics:
2024-10-30 11:26:15,352 - R2 Score: 0.7969
2024-10-30 11:26:15,352 - RMSE: 0.4093
2024-10-30 11:26:16,244 - Generating LIME explanations...
2024-10-30 11:26:16,524 - 
LIME Explanation for Instance 1:
2024-10-30 11:26:16,524 - like_count <= 19228.25: -0.5599
2024-10-30 11:26:16,524 - like_view_ratio <= 0.02: -0.4882
2024-10-30 11:26:16,524 - likes_per_hour <= 434.41: -0.3741
2024-10-30 11:26:16,524 - view_count <= 461718.50: -0.1299
2024-10-30 11:26:16,524 - 836.50 < duration <= 1620.00: 0.1071
2024-10-30 11:26:16,524 - views_per_hour <= 11596.08: -0.0996
2024-10-30 11:26:16,524 - log_like_count <= 9.86: -0.0916
2024-10-30 11:26:16,524 - is_afternoon <= 0.00: 0.0904
2024-10-30 11:26:16,524 - video_age > 2.44: 0.0902
2024-10-30 11:26:16,524 - view_sub_ratio > 0.61: 0.0794
2024-10-30 11:26:16,856 - 
LIME Explanation for Instance 2:
2024-10-30 11:26:16,857 - 39486.50 < like_count <= 77254.25: 0.1367
2024-10-30 11:26:16,857 - 0.02 < like_view_ratio <= 0.05: 0.1264
2024-10-30 11:26:16,857 - 0.30 < view_sub_ratio <= 0.61: 0.1056
2024-10-30 11:26:16,857 - is_afternoon <= 0.00: 0.0774
2024-10-30 11:26:16,857 - 0.00 < is_evening <= 1.00: -0.0703
2024-10-30 11:26:16,857 - 434.41 < likes_per_hour <= 944.21: -0.0697
2024-10-30 11:26:16,857 - duration > 1620.00: 0.0598
2024-10-30 11:26:16,857 - video_age > 2.44: 0.0487
2024-10-30 11:26:16,857 - log_duration > 7.39: 0.0474
2024-10-30 11:26:16,857 - 20.00 < category_id <= 24.00: 0.0410
2024-10-30 11:26:17,121 - 
LIME Explanation for Instance 3:
2024-10-30 11:26:17,121 - 39486.50 < like_count <= 77254.25: 0.1140
2024-10-30 11:26:17,121 - duration > 1620.00: 0.1107
2024-10-30 11:26:17,121 - 0.02 < like_view_ratio <= 0.05: 0.1044
2024-10-30 11:26:17,121 - 434.41 < likes_per_hour <= 944.21: -0.0925
2024-10-30 11:26:17,121 - is_afternoon <= 0.00: 0.0856
2024-10-30 11:26:17,121 - 0.30 < view_sub_ratio <= 0.61: 0.0682
2024-10-30 11:26:17,121 - video_age > 2.44: 0.0647
2024-10-30 11:26:17,121 - 10.58 < log_like_count <= 11.25: 0.0503
2024-10-30 11:26:17,121 - log_duration > 7.39: 0.0431
2024-10-30 11:26:17,121 - has_caption <= 0.00: 0.0424
2024-10-30 11:26:17,425 - 
LIME Explanation for Instance 4:
2024-10-30 11:26:17,425 - is_afternoon <= 0.00: 0.1119
2024-10-30 11:26:17,426 - 19228.25 < like_count <= 39486.50: -0.0923
2024-10-30 11:26:17,426 - 0.02 < like_view_ratio <= 0.05: 0.0908
2024-10-30 11:26:17,426 - 434.41 < likes_per_hour <= 944.21: -0.0887
2024-10-30 11:26:17,426 - 195.50 < duration <= 836.50: 0.0750
2024-10-30 11:26:17,426 - 461718.50 < view_count <= 917355.50: -0.0507
2024-10-30 11:26:17,426 - 1.24 < video_age <= 1.72: 0.0467
2024-10-30 11:26:17,426 - 0.00 < has_caption <= 1.00: -0.0439
2024-10-30 11:26:17,426 - view_sub_ratio > 0.61: 0.0384
2024-10-30 11:26:17,426 - is_weekend <= 0.00: -0.0338
2024-10-30 11:26:17,668 - 
LIME Explanation for Instance 5:
2024-10-30 11:26:17,668 - 195.50 < duration <= 836.50: 0.1002
2024-10-30 11:26:17,668 - 0.02 < like_view_ratio <= 0.05: 0.0950
2024-10-30 11:26:17,668 - 19228.25 < like_count <= 39486.50: -0.0797
2024-10-30 11:26:17,668 - is_afternoon <= 0.00: 0.0668
2024-10-30 11:26:17,668 - view_sub_ratio > 0.61: 0.0622
2024-10-30 11:26:17,668 - 434.41 < likes_per_hour <= 944.21: -0.0610
2024-10-30 11:26:17,668 - 11596.08 < views_per_hour <= 23339.19: -0.0549
2024-10-30 11:26:17,669 - is_morning <= 0.00: -0.0455
2024-10-30 11:26:17,669 - is_weekend <= 0.00: 0.0422
2024-10-30 11:26:17,669 - 13.04 < log_view_count <= 13.73: 0.0398
2024-10-30 11:26:17,669 - LIME explanations generated and saved
