2024-10-30 12:04:43,798 - Starting model training...
2024-10-30 12:04:45,972 - Model Performance Metrics:
2024-10-30 12:04:45,972 - R2 Score: 0.8603
2024-10-30 12:04:45,977 - RMSE: 0.3963
2024-10-30 12:04:45,981 - Generating SHAP analysis...
2024-10-30 12:04:47,339 - 
Top features by SHAP importance:
2024-10-30 12:04:47,339 - like_velocity: 0.4583
2024-10-30 12:04:47,339 - view_count: 0.1643
2024-10-30 12:04:47,339 - log_like_velocity: 0.1330
2024-10-30 12:04:47,339 - like_count: 0.1262
2024-10-30 12:04:47,339 - comment_velocity: 0.0192
2024-10-30 12:04:47,340 - likes_per_view: 0.0175
2024-10-30 12:04:47,340 - subscriber_count: 0.0155
2024-10-30 12:04:47,340 - channel_video_count: 0.0102
2024-10-30 12:04:47,340 - log_like_count: 0.0094
2024-10-30 12:04:47,340 - avg_views_per_video: 0.0076
2024-10-30 12:04:47,340 - comment_count: 0.0076
2024-10-30 12:04:47,340 - view_velocity: 0.0075
2024-10-30 12:04:47,340 - subs_per_video: 0.0074
2024-10-30 12:04:47,340 - log_comment_velocity: 0.0064
2024-10-30 12:04:47,340 - video_age: 0.0056
2024-10-30 12:04:47,340 - log_view_count: 0.0052
2024-10-30 12:04:47,341 - duration: 0.0025
2024-10-30 12:04:47,341 - channel_engagement: 0.0021
2024-10-30 12:04:47,341 - channel_view_count: 0.0019
2024-10-30 12:04:47,341 - view_to_sub_ratio: 0.0019
2024-10-30 12:04:47,342 - Generating LIME explanations...
2024-10-30 12:04:47,871 - 
LIME Explanation for Instance 1:
2024-10-30 12:04:47,871 - like_velocity <= 6617.51: -1.0498
2024-10-30 12:04:47,871 - log_like_velocity <= 8.80: -0.3344
2024-10-30 12:04:47,871 - like_count <= 19228.25: -0.3210
2024-10-30 12:04:47,871 - view_count <= 461718.50: -0.2751
2024-10-30 12:04:47,872 - log_like_count <= 9.86: -0.0846
2024-10-30 12:04:47,872 - view_velocity <= 187482.00: -0.0572
2024-10-30 12:04:47,872 - log_view_count <= 13.04: -0.0478
2024-10-30 12:04:47,872 - likes_per_view > 0.06: 0.0400
2024-10-30 12:04:47,872 - channel_video_count <= 252.25: -0.0300
2024-10-30 12:04:47,872 - 281.42 < subs_per_video <= 2337.30: -0.0298
2024-10-30 12:04:48,433 - 
LIME Explanation for Instance 2:
2024-10-30 12:04:48,433 - like_velocity <= 6617.51: -1.0555
2024-10-30 12:04:48,433 - log_like_velocity <= 8.80: -0.3318
2024-10-30 12:04:48,433 - like_count <= 19228.25: -0.3036
2024-10-30 12:04:48,433 - view_count <= 461718.50: -0.2754
2024-10-30 12:04:48,433 - log_like_count <= 9.86: -0.0746
2024-10-30 12:04:48,433 - likes_per_view > 0.06: 0.0518
2024-10-30 12:04:48,433 - 369.05 < comment_velocity <= 906.51: -0.0510
2024-10-30 12:04:48,434 - subscriber_count <= 981750.00: 0.0386
2024-10-30 12:04:48,434 - log_subscriber_count <= 13.79: 0.0380
2024-10-30 12:04:48,434 - video_age <= 1.24: 0.0363
2024-10-30 12:04:48,966 - 
LIME Explanation for Instance 3:
2024-10-30 12:04:48,966 - view_count <= 461718.50: -0.3192
2024-10-30 12:04:48,967 - 6617.51 < like_velocity <= 14121.68: -0.2347
2024-10-30 12:04:48,967 - log_view_velocity <= 12.14: -0.0837
2024-10-30 12:04:48,967 - 0.00 < comments_per_view <= 0.01: 0.0638
2024-10-30 12:04:48,967 - 369.05 < comment_velocity <= 906.51: -0.0610
2024-10-30 12:04:48,967 - likes_per_view > 0.06: 0.0581
2024-10-30 12:04:48,967 - is_medium_video <= 0.00: 0.0556
2024-10-30 12:04:48,967 - 8.80 < log_like_velocity <= 9.56: -0.0500
2024-10-30 12:04:48,967 - 17.00 < category_id <= 20.00: 0.0425
2024-10-30 12:04:48,967 - is_afternoon <= 0.00: -0.0403
2024-10-30 12:04:49,492 - 
LIME Explanation for Instance 4:
2024-10-30 12:04:49,493 - view_count <= 461718.50: -0.2949
2024-10-30 12:04:49,493 - 6617.51 < like_velocity <= 14121.68: -0.1976
2024-10-30 12:04:49,493 - 8.80 < log_like_velocity <= 9.56: -0.1028
2024-10-30 12:04:49,493 - 369.05 < comment_velocity <= 906.51: -0.0668
2024-10-30 12:04:49,493 - subscriber_count <= 981750.00: 0.0502
2024-10-30 12:04:49,493 - is_morning <= 0.00: 0.0440
2024-10-30 12:04:49,494 - is_medium_video <= 0.00: -0.0369
2024-10-30 12:04:49,494 - channel_engagement > 0.01: 0.0266
2024-10-30 12:04:49,494 - log_subscriber_count <= 13.79: -0.0254
2024-10-30 12:04:49,494 - likes_per_view > 0.06: 0.0203
2024-10-30 12:04:50,062 - 
LIME Explanation for Instance 5:
2024-10-30 12:04:50,063 - 6617.51 < like_velocity <= 14121.68: -0.2422
2024-10-30 12:04:50,063 - 461718.50 < view_count <= 917355.50: 0.0994
2024-10-30 12:04:50,063 - 8.80 < log_like_velocity <= 9.56: -0.0736
2024-10-30 12:04:50,063 - 369.05 < comment_velocity <= 906.51: -0.0510
2024-10-30 12:04:50,063 - has_caption <= 0.00: 0.0430
2024-10-30 12:04:50,063 - 19228.25 < like_count <= 39486.50: -0.0420
2024-10-30 12:04:50,063 - 0.12 < view_to_sub_ratio <= 0.30: 0.0376
2024-10-30 12:04:50,063 - 554.00 < channel_video_count <= 4289.50: 0.0366
2024-10-30 12:04:50,064 - 17.00 < category_id <= 20.00: 0.0350
2024-10-30 12:04:50,064 - is_medium_video > 0.00: -0.0348
