2024-10-30 11:30:04,851 - Starting model training...
2024-10-30 11:30:05,005 - Model Performance Metrics:
2024-10-30 11:30:05,005 - R2 Score: 0.9397
2024-10-30 11:30:05,005 - RMSE: 0.2448
2024-10-30 11:30:05,304 - Generating LIME explanations...
2024-10-30 11:30:05,543 - 
LIME Explanation for Instance 1:
2024-10-30 11:30:05,543 - subscriber_count <= 981750.00: -0.2419
2024-10-30 11:30:05,543 - 461718.50 < view_count <= 917355.50: -0.1546
2024-10-30 11:30:05,543 - 1.24 < video_age <= 1.72: 0.0374
2024-10-30 11:30:05,543 - 13.04 < log_view_count <= 13.73: -0.0369
2024-10-30 11:30:05,543 - 19228.25 < like_count <= 39486.50: -0.0357
2024-10-30 11:30:05,544 - 1075.25 < comment_count <= 2785.50: 0.0304
2024-10-30 11:30:05,544 - is_night > -1.75: -0.0295
2024-10-30 11:30:05,544 - is_evening <= 0.00: -0.0285
2024-10-30 11:30:05,544 - channel_view_count <= 408070232.00: -0.0281
2024-10-30 11:30:05,544 - views_per_sub > 0.61: 0.0229
2024-10-30 11:30:05,772 - 
LIME Explanation for Instance 2:
2024-10-30 11:30:05,772 - view_count <= 461718.50: -1.0537
2024-10-30 11:30:05,772 - subscriber_count <= 981750.00: -0.2519
2024-10-30 11:30:05,773 - log_view_count <= 13.04: -0.2258
2024-10-30 11:30:05,773 - video_age <= 1.24: 0.1320
2024-10-30 11:30:05,773 - like_count <= 19228.25: -0.0605
2024-10-30 11:30:05,773 - log_subscriber_count <= 13.79: -0.0361
2024-10-30 11:30:05,773 - duration <= 195.50: 0.0286
2024-10-30 11:30:05,773 - views_per_sub > 0.61: 0.0283
2024-10-30 11:30:05,773 - likes_per_view > 0.06: 0.0267
2024-10-30 11:30:05,773 - is_weekend <= 0.00: -0.0229
2024-10-30 11:30:05,997 - 
LIME Explanation for Instance 3:
2024-10-30 11:30:05,997 - view_count > 1816994.75: 0.8362
2024-10-30 11:30:05,997 - subscriber_count > 11700000.00: 0.2676
2024-10-30 11:30:05,997 - log_view_count > 14.41: 0.1967
2024-10-30 11:30:05,997 - video_age > 2.44: -0.1696
2024-10-30 11:30:05,998 - like_count > 77254.25: 0.0611
2024-10-30 11:30:05,998 - log_subscriber_count > 16.27: 0.0530
2024-10-30 11:30:05,998 - comment_count > 5390.00: 0.0291
2024-10-30 11:30:05,998 - is_night <= -2.00: 0.0287
2024-10-30 11:30:05,998 - is_morning <= 0.00: -0.0278
2024-10-30 11:30:05,998 - log_channel_view_count > 21.78: 0.0273
2024-10-30 11:30:06,279 - 
LIME Explanation for Instance 4:
2024-10-30 11:30:06,279 - view_count > 1816994.75: 0.8462
2024-10-30 11:30:06,279 - subscriber_count > 11700000.00: 0.2880
2024-10-30 11:30:06,279 - video_age > 2.44: -0.1994
2024-10-30 11:30:06,279 - log_view_count > 14.41: 0.1622
2024-10-30 11:30:06,279 - is_morning <= 0.00: -0.0669
2024-10-30 11:30:06,279 - comment_count > 5390.00: 0.0530
2024-10-30 11:30:06,279 - log_subscriber_count > 16.27: 0.0478
2024-10-30 11:30:06,280 - like_count > 77254.25: 0.0471
2024-10-30 11:30:06,280 - 836.50 < duration <= 1620.00: -0.0429
2024-10-30 11:30:06,280 - 1205893288.50 < channel_view_count <= 2884596494.00: -0.0255
2024-10-30 11:30:06,583 - 
LIME Explanation for Instance 5:
2024-10-30 11:30:06,583 - view_count <= 461718.50: -1.0622
2024-10-30 11:30:06,584 - subscriber_count <= 981750.00: -0.2514
2024-10-30 11:30:06,584 - log_view_count <= 13.04: -0.2343
2024-10-30 11:30:06,584 - 1.24 < video_age <= 1.72: 0.0800
2024-10-30 11:30:06,584 - log_subscriber_count <= 13.79: -0.0345
2024-10-30 11:30:06,584 - 836.50 < duration <= 1620.00: -0.0328
2024-10-30 11:30:06,584 - 17.00 < category_id <= 20.00: 0.0314
2024-10-30 11:30:06,584 - avg_channel_views <= 216208.05: -0.0288
2024-10-30 11:30:06,584 - 19228.25 < like_count <= 39486.50: -0.0276
2024-10-30 11:30:06,584 - 0.00 < is_monday <= 1.00: -0.0188
