2024-10-30 11:59:06,046 - Starting model training...
2024-10-30 11:59:06,775 - Model Performance Metrics:
2024-10-30 11:59:06,775 - R2 Score: 0.9574
2024-10-30 11:59:06,775 - RMSE: 0.3574
2024-10-30 11:59:06,775 - Generating SHAP analysis...
2024-10-30 11:59:07,737 - 
Top features by SHAP importance:
2024-10-30 11:59:07,738 - subscriber_count: 1.0808
2024-10-30 11:59:07,738 - log_subscriber_count: 0.1582
2024-10-30 11:59:07,738 - likes_per_view: 0.1046
2024-10-30 11:59:07,738 - view_to_sub_ratio: 0.0835
2024-10-30 11:59:07,738 - subs_per_video: 0.0713
2024-10-30 11:59:07,738 - like_count: 0.0667
2024-10-30 11:59:07,738 - is_large_channel: 0.0430
2024-10-30 11:59:07,738 - view_count: 0.0430
2024-10-30 11:59:07,738 - comments_per_view: 0.0335
2024-10-30 11:59:07,739 - avg_views_per_video: 0.0319
2024-10-30 11:59:07,739 - duration: 0.0256
2024-10-30 11:59:07,739 - log_like_count: 0.0125
2024-10-30 11:59:07,739 - is_small_channel: 0.0116
2024-10-30 11:59:07,739 - comment_count: 0.0102
2024-10-30 11:59:07,739 - channel_video_count: 0.0102
2024-10-30 11:59:07,739 - category_id: 0.0101
2024-10-30 11:59:07,739 - log_comment_count: 0.0089
2024-10-30 11:59:07,739 - channel_view_count: 0.0087
2024-10-30 11:59:07,739 - video_age: 0.0070
2024-10-30 11:59:07,739 - views_per_sub: 0.0068
2024-10-30 11:59:07,740 - Generating LIME explanations...
2024-10-30 11:59:08,061 - 
LIME Explanation for Instance 1:
2024-10-30 11:59:08,062 - 2775000.00 < subscriber_count <= 11700000.00: 0.5894
2024-10-30 11:59:08,062 - 0.02 < likes_per_view <= 0.05: 0.2481
2024-10-30 11:59:08,062 - 39486.50 < like_count <= 77254.25: 0.0974
2024-10-30 11:59:08,062 - 0.30 < view_to_sub_ratio <= 0.61: -0.0966
2024-10-30 11:59:08,062 - 2337.30 < subs_per_video <= 21393.85: 0.0835
2024-10-30 11:59:08,062 - video_age > 2.44: -0.0675
2024-10-30 11:59:08,062 - 13.73 < log_view_count <= 14.41: 0.0607
2024-10-30 11:59:08,062 - 14.84 < log_subscriber_count <= 16.27: 0.0578
2024-10-30 11:59:08,062 - 1075.25 < comment_count <= 2785.50: -0.0576
2024-10-30 11:59:08,062 - log_duration > 7.39: 0.0570
2024-10-30 11:59:08,379 - 
LIME Explanation for Instance 2:
2024-10-30 11:59:08,379 - subscriber_count <= 981750.00: -1.8641
2024-10-30 11:59:08,379 - log_subscriber_count <= 13.79: -0.2710
2024-10-30 11:59:08,379 - likes_per_view > 0.06: 0.2412
2024-10-30 11:59:08,379 - like_count <= 19228.25: -0.1921
2024-10-30 11:59:08,379 - view_to_sub_ratio > 0.61: -0.1662
2024-10-30 11:59:08,380 - view_count <= 461718.50: -0.1047
2024-10-30 11:59:08,380 - log_like_count <= 9.86: -0.0972
2024-10-30 11:59:08,380 - channel_video_count <= 252.25: 0.0731
2024-10-30 11:59:08,380 - duration <= 195.50: -0.0656
2024-10-30 11:59:08,380 - is_large_channel <= 0.75: -0.0548
2024-10-30 11:59:08,718 - 
LIME Explanation for Instance 3:
2024-10-30 11:59:08,718 - 2775000.00 < subscriber_count <= 11700000.00: 0.5979
2024-10-30 11:59:08,718 - 0.02 < likes_per_view <= 0.05: 0.1957
2024-10-30 11:59:08,718 - 0.75 < is_large_channel <= 1.00: 0.1202
2024-10-30 11:59:08,718 - 14.84 < log_subscriber_count <= 16.27: 0.0910
2024-10-30 11:59:08,718 - 6.98 < log_comment_count <= 7.93: -0.0898
2024-10-30 11:59:08,718 - 397.23 < views_per_sub <= 751.62: -0.0851
2024-10-30 11:59:08,718 - 0.12 < view_to_sub_ratio <= 0.30: 0.0755
2024-10-30 11:59:08,718 - is_medium_channel <= 0.00: -0.0546
2024-10-30 11:59:08,718 - 13.04 < log_view_count <= 13.73: 0.0521
2024-10-30 11:59:08,718 - 195.50 < duration <= 836.50: 0.0513
2024-10-30 11:59:08,976 - 
LIME Explanation for Instance 4:
2024-10-30 11:59:08,976 - 0.02 < likes_per_view <= 0.05: 0.2727
2024-10-30 11:59:08,977 - 981750.00 < subscriber_count <= 2775000.00: -0.2566
2024-10-30 11:59:08,977 - like_count <= 19228.25: -0.2362
2024-10-30 11:59:08,977 - 2337.30 < subs_per_video <= 21393.85: 0.0852
2024-10-30 11:59:08,977 - 13.79 < log_subscriber_count <= 14.84: -0.0829
2024-10-30 11:59:08,977 - channel_view_count <= 408070232.00: 0.0787
2024-10-30 11:59:08,977 - comment_count <= 1075.25: -0.0767
2024-10-30 11:59:08,977 - view_count <= 461718.50: -0.0762
2024-10-30 11:59:08,977 - is_medium_channel > 0.00: 0.0604
2024-10-30 11:59:08,977 - log_comment_count <= 6.98: -0.0602
2024-10-30 11:59:09,280 - 
LIME Explanation for Instance 5:
2024-10-30 11:59:09,280 - subscriber_count <= 981750.00: -1.8675
2024-10-30 11:59:09,280 - log_subscriber_count <= 13.79: -0.3229
2024-10-30 11:59:09,280 - 0.02 < likes_per_view <= 0.05: 0.2776
2024-10-30 11:59:09,280 - view_to_sub_ratio > 0.61: -0.2118
2024-10-30 11:59:09,280 - subs_per_video <= 281.42: -0.1684
2024-10-30 11:59:09,280 - like_count > 77254.25: 0.1362
2024-10-30 11:59:09,280 - duration <= 195.50: -0.0592
2024-10-30 11:59:09,280 - has_caption <= 0.00: 0.0571
2024-10-30 11:59:09,280 - 252.25 < channel_video_count <= 554.00: 0.0490
2024-10-30 11:59:09,280 - log_like_count > 11.25: 0.0430
