2024-10-30 09:31:14,352 - Starting Explainable AI Analysis
2024-10-30 09:31:14,946 - 
Model Performance Metrics:
2024-10-30 09:31:14,962 - 
Regression Model:
2024-10-30 09:31:14,962 - R2 Score: 0.7702
2024-10-30 09:31:14,963 - RMSE: 0.5955
2024-10-30 09:31:14,973 - 
Classification Model:
2024-10-30 09:31:14,973 - Accuracy: 0.9000
2024-10-30 09:31:14,973 - 
Classification Report:
2024-10-30 09:31:14,986 - 
              precision    recall  f1-score   support

           0       1.00      0.83      0.91         6
           1       0.80      1.00      0.89         4

    accuracy                           0.90        10
   macro avg       0.90      0.92      0.90        10
weighted avg       0.92      0.90      0.90        10

2024-10-30 09:31:14,986 - 
Generating SHAP explanations for regression model...
2024-10-30 09:31:14,999 - 
Initial shapes:
2024-10-30 09:31:15,000 - X_test shape: (10, 10)
2024-10-30 09:31:15,000 - SHAP values shape: (10, 10)
2024-10-30 09:31:15,000 - 
Processed shapes:
2024-10-30 09:31:15,000 - Feature names length: 10
2024-10-30 09:31:15,000 - SHAP values length: 10
2024-10-30 09:31:15,646 - 
SHAP Feature Importance (regression):
2024-10-30 09:31:15,651 - 
               feature  importance
1     subscriber_count    0.396435
4            video_age    0.214586
3   channel_view_count    0.167065
9          day_of_week    0.123734
8       hour_published    0.054716
0             duration    0.044919
2  channel_video_count    0.021909
6          is_licensed    0.018702
5          category_id    0.012399
7          has_caption    0.001799
2024-10-30 09:31:15,651 - 
Generating SHAP explanations for classification model...
2024-10-30 09:31:15,662 - 
Initial shapes:
2024-10-30 09:31:15,663 - X_test shape: (10, 10)
2024-10-30 09:31:15,663 - SHAP values shape: (10, 10, 2)
2024-10-30 09:31:15,663 - 
Processed shapes:
2024-10-30 09:31:15,663 - Feature names length: 10
2024-10-30 09:31:15,664 - SHAP values length: 10
2024-10-30 09:31:16,112 - 
SHAP Feature Importance (classification):
2024-10-30 09:31:16,115 - 
               feature  importance
9          day_of_week    0.103188
8       hour_published    0.103188
2  channel_video_count    0.050111
3   channel_view_count    0.050111
7          has_caption    0.046380
6          is_licensed    0.046380
0             duration    0.020127
1     subscriber_count    0.020127
4            video_age    0.018955
5          category_id    0.018955
2024-10-30 09:31:16,116 - 
Generating LIME explanations for regression model...
2024-10-30 09:31:16,746 - 
Generating LIME explanations for classification model...
2024-10-30 09:31:17,306 - 
Analysis complete. Log file saved to: logs/explainable_ai_20241030_093114.log
2024-10-30 09:31:17,306 - Visualizations saved in 'plots' directory
