2024-10-30 09:29:29,511 - Starting Explainable AI Analysis
2024-10-30 09:29:30,095 - 
Model Performance Metrics:
2024-10-30 09:29:30,107 - 
Regression Model:
2024-10-30 09:29:30,107 - R2 Score: 0.7702
2024-10-30 09:29:30,107 - RMSE: 0.5955
2024-10-30 09:29:30,117 - 
Classification Model:
2024-10-30 09:29:30,117 - Accuracy: 0.9000
2024-10-30 09:29:30,117 - 
Classification Report:
2024-10-30 09:29:30,132 - 
              precision    recall  f1-score   support

           0       1.00      0.83      0.91         6
           1       0.80      1.00      0.89         4

    accuracy                           0.90        10
   macro avg       0.90      0.92      0.90        10
weighted avg       0.92      0.90      0.90        10

2024-10-30 09:29:30,132 - 
Generating SHAP explanations for regression model...
2024-10-30 09:29:30,355 - Shape check before DataFrame creation:
2024-10-30 09:29:30,355 - Feature names shape: (10,)
2024-10-30 09:29:30,355 - Mean abs SHAP values shape: (10,)
2024-10-30 09:29:30,692 - 
SHAP Feature Importance (regression):
2024-10-30 09:29:30,697 - 
               feature  importance
1     subscriber_count    0.396435
4            video_age    0.214586
3   channel_view_count    0.167065
9          day_of_week    0.123734
8       hour_published    0.054716
0             duration    0.044919
2  channel_video_count    0.021909
6          is_licensed    0.018702
5          category_id    0.012399
7          has_caption    0.001799
2024-10-30 09:29:30,697 - 
Debug Information:
2024-10-30 09:29:30,697 - X_test shape: (10, 10)
2024-10-30 09:29:30,698 - Feature names length: 10
2024-10-30 09:29:30,698 - Final importance values shape: (10,)
2024-10-30 09:29:30,698 - 
Generating SHAP explanations for classification model...
2024-10-30 09:29:30,791 - Shape check before DataFrame creation:
2024-10-30 09:29:30,791 - Feature names shape: (10,)
2024-10-30 09:29:30,791 - Mean abs SHAP values shape: (20,)
2024-10-30 09:29:30,792 - Error in SHAP explanation: All arrays must be of the same length
2024-10-30 09:29:30,792 - SHAP values shape: (10, 10, 2)
2024-10-30 09:29:30,792 - X_test shape: (10, 10)
