2024-10-30 09:27:05,092 - Starting Explainable AI Analysis
2024-10-30 09:27:05,428 - 
Model Performance Metrics:
2024-10-30 09:27:05,435 - 
Regression Model:
2024-10-30 09:27:05,435 - R2 Score: 0.7702
2024-10-30 09:27:05,435 - RMSE: 0.5955
2024-10-30 09:27:05,440 - 
Classification Model:
2024-10-30 09:27:05,440 - Accuracy: 0.9000
2024-10-30 09:27:05,440 - 
Classification Report:
2024-10-30 09:27:05,445 - 
              precision    recall  f1-score   support

           0       1.00      0.83      0.91         6
           1       0.80      1.00      0.89         4

    accuracy                           0.90        10
   macro avg       0.90      0.92      0.90        10
weighted avg       0.92      0.90      0.90        10

2024-10-30 09:27:05,446 - 
Generating SHAP explanations for regression model...
2024-10-30 09:27:05,744 - 
SHAP Feature Importance (regression):
2024-10-30 09:27:05,746 - 
               feature  importance
1     subscriber_count    0.396435
4            video_age    0.214586
3   channel_view_count    0.167065
9          day_of_week    0.123734
8       hour_published    0.054716
0             duration    0.044919
2  channel_video_count    0.021909
6          is_licensed    0.018702
5          category_id    0.012399
7          has_caption    0.001799
2024-10-30 09:27:05,746 - 
Generating SHAP explanations for classification model...
2024-10-30 09:27:06,094 - Error in SHAP explanation: All arrays must be of the same length
2024-10-30 09:27:06,095 - SHAP values shape: (10, 10, 2)
2024-10-30 09:27:06,095 - X_test shape: (10, 10)
