2024-10-30 09:30:21,759 - Starting Explainable AI Analysis
2024-10-30 09:30:22,717 - 
Model Performance Metrics:
2024-10-30 09:30:22,743 - 
Regression Model:
2024-10-30 09:30:22,743 - R2 Score: 0.7702
2024-10-30 09:30:22,744 - RMSE: 0.5955
2024-10-30 09:30:22,763 - 
Classification Model:
2024-10-30 09:30:22,763 - Accuracy: 0.9000
2024-10-30 09:30:22,764 - 
Classification Report:
2024-10-30 09:30:22,778 - 
              precision    recall  f1-score   support

           0       1.00      0.83      0.91         6
           1       0.80      1.00      0.89         4

    accuracy                           0.90        10
   macro avg       0.90      0.92      0.90        10
weighted avg       0.92      0.90      0.90        10

2024-10-30 09:30:22,778 - 
Generating SHAP explanations for regression model...
2024-10-30 09:30:22,800 - 
Initial shapes:
2024-10-30 09:30:22,800 - X_test shape: (10, 10)
2024-10-30 09:30:22,800 - SHAP values shape: (10, 10)
2024-10-30 09:30:23,549 - 
SHAP Feature Importance (regression):
2024-10-30 09:30:23,552 - 
               feature  importance
1     subscriber_count    0.396435
4            video_age    0.214586
3   channel_view_count    0.167065
9          day_of_week    0.123734
8       hour_published    0.054716
0             duration    0.044919
2  channel_video_count    0.021909
6          is_licensed    0.018702
5          category_id    0.012399
7          has_caption    0.001799
2024-10-30 09:30:23,552 - 
Generating SHAP explanations for classification model...
2024-10-30 09:30:23,564 - 
Initial shapes:
2024-10-30 09:30:23,564 - X_test shape: (10, 10)
2024-10-30 09:30:23,564 - SHAP values shape: (10, 10, 2)
2024-10-30 09:30:23,564 - Length mismatch:
2024-10-30 09:30:23,565 - Feature names length: 10
2024-10-30 09:30:23,565 - SHAP values length: 20
2024-10-30 09:30:23,565 - 
Error occurred in explain_with_shap:
2024-10-30 09:30:23,565 - Error type: ValueError
2024-10-30 09:30:23,565 - Error message: Length mismatch: features (10) vs SHAP values (20)
2024-10-30 09:30:23,565 - 
Debug information:
2024-10-30 09:30:23,565 - Model type: classification
2024-10-30 09:30:23,566 - X_test shape: (10, 10)
2024-10-30 09:30:23,566 - SHAP values shape: (10, 10, 2)
2024-10-30 09:30:23,566 - Feature names length: 10
2024-10-30 09:30:23,566 - Mean abs SHAP shape: (10, 2)
