2024-10-30 11:17:24,751 - Starting model training...
2024-10-30 11:17:25,068 - Model Performance Metrics:
2024-10-30 11:17:25,068 - R2 Score: 0.8154
2024-10-30 11:17:25,068 - RMSE: 0.0035
2024-10-30 11:17:25,900 - Generating SHAP explanations...
2024-10-30 11:17:27,423 - SHAP explanations generated and saved
2024-10-30 11:17:27,424 - Generating LIME explanations...
2024-10-30 11:17:27,738 - 
LIME Explanation for Instance 1:
2024-10-30 11:17:27,738 - 0.00 < comments_per_view <= 0.00: -0.0044
2024-10-30 11:17:27,738 - 0.02 < likes_per_view <= 0.05: -0.0030
2024-10-30 11:17:27,738 - 1075.25 < comment_count <= 2785.50: -0.0007
2024-10-30 11:17:27,738 - 0.00 < sub_to_view_ratio <= 0.01: 0.0006
2024-10-30 11:17:27,738 - log_video_age > 1.24: -0.0005
2024-10-30 11:17:27,738 - 39486.50 < like_count <= 77254.25: 0.0004
2024-10-30 11:17:27,739 - 917355.50 < view_count <= 1816994.75: -0.0004
2024-10-30 11:17:27,739 - has_caption <= 0.00: 0.0004
2024-10-30 11:17:27,739 - 19.82 < log_channel_view_count <= 20.91: -0.0002
2024-10-30 11:17:27,739 - 0.30 < views_per_sub <= 0.61: 0.0002
2024-10-30 11:17:27,961 - 
LIME Explanation for Instance 2:
2024-10-30 11:17:27,961 - 0.00 < comments_per_view <= 0.00: -0.0046
2024-10-30 11:17:27,961 - 0.02 < likes_per_view <= 0.05: -0.0026
2024-10-30 11:17:27,961 - 1075.25 < comment_count <= 2785.50: -0.0008
2024-10-30 11:17:27,961 - duration > 1620.00: 0.0007
2024-10-30 11:17:27,961 - 0.00 < sub_to_view_ratio <= 0.01: 0.0006
2024-10-30 11:17:27,961 - 917355.50 < view_count <= 1816994.75: -0.0006
2024-10-30 11:17:27,961 - 1127612.23 < channel_engagement <= 5592217.15: -0.0004
2024-10-30 11:17:27,961 - 554.00 < channel_video_count <= 4289.50: 0.0004
2024-10-30 11:17:27,961 - 20.00 < category_id <= 24.00: -0.0003
2024-10-30 11:17:27,961 - video_age > 2.44: -0.0003
2024-10-30 11:17:28,267 - 
LIME Explanation for Instance 3:
2024-10-30 11:17:28,267 - 0.00 < comments_per_view <= 0.00: -0.0046
2024-10-30 11:17:28,267 - likes_per_view <= 0.02: -0.0039
2024-10-30 11:17:28,267 - comment_count <= 1075.25: -0.0017
2024-10-30 11:17:28,267 - view_count <= 461718.50: 0.0008
2024-10-30 11:17:28,267 - log_video_age > 1.24: -0.0005
2024-10-30 11:17:28,267 - category_id <= 17.00: 0.0004
2024-10-30 11:17:28,267 - subscriber_count <= 981750.00: -0.0004
2024-10-30 11:17:28,267 - hour > 18.00: 0.0003
2024-10-30 11:17:28,267 - 6.73 < log_duration <= 7.39: -0.0002
2024-10-30 11:17:28,267 - log_channel_view_count <= 19.82: -0.0002
2024-10-30 11:17:28,519 - 
LIME Explanation for Instance 4:
2024-10-30 11:17:28,519 - likes_per_view <= 0.02: -0.0039
2024-10-30 11:17:28,519 - comment_count > 5390.00: 0.0024
2024-10-30 11:17:28,519 - view_count > 1816994.75: -0.0007
2024-10-30 11:17:28,519 - 0.00 < comments_per_view <= 0.01: 0.0004
2024-10-30 11:17:28,519 - channel_view_count > 2884596494.00: -0.0004
2024-10-30 11:17:28,519 - 15.00 < hour <= 18.00: 0.0003
2024-10-30 11:17:28,519 - 0.12 < views_per_sub <= 0.30: 0.0003
2024-10-30 11:17:28,519 - log_view_count > 14.41: 0.0003
2024-10-30 11:17:28,519 - like_count > 77254.25: -0.0003
2024-10-30 11:17:28,519 - log_video_age > 1.24: 0.0003
2024-10-30 11:17:28,947 - 
LIME Explanation for Instance 5:
2024-10-30 11:17:28,947 - likes_per_view > 0.06: 0.0039
2024-10-30 11:17:28,948 - view_count <= 461718.50: 0.0008
2024-10-30 11:17:28,948 - hour > 18.00: -0.0007
2024-10-30 11:17:28,948 - 1075.25 < comment_count <= 2785.50: -0.0007
2024-10-30 11:17:28,948 - 0.00 < comments_per_view <= 0.01: 0.0005
2024-10-30 11:17:28,948 - subscriber_count <= 981750.00: -0.0004
2024-10-30 11:17:28,948 - log_view_count <= 13.04: 0.0003
2024-10-30 11:17:28,948 - log_channel_view_count <= 19.82: 0.0002
2024-10-30 11:17:28,948 - 1.24 < video_age <= 1.72: 0.0002
2024-10-30 11:17:28,948 - channel_view_count <= 408070232.00: 0.0002
2024-10-30 11:17:28,948 - LIME explanations generated and saved
